<?xml version="1.0" encoding="UTF-8"?>
<!-- Generated by org.testng.reporters.JUnitXMLReporter -->
<testsuite ignored="0" hostname="DESKTOP-IGKFSRT" failures="0" tests="3" name="Test" time="107.751" errors="0" timestamp="2023-01-03T16:26:21 IST">
  <testcase classname="Parallel_TestNG.Parallel1" name="TC1" time="13.96"/>
  <testcase classname="Parallel_TestNG.Parallel2" name="TC2" time="20.778"/>
  <testcase classname="Parallel_TestNG.Parallel3" name="TC" time="72.925"/>
</testsuite> <!-- Test -->
