<?xml version="1.0" encoding="UTF-8"?>
<!-- Generated by org.testng.reporters.JUnitXMLReporter -->
<testsuite ignored="0" hostname="DESKTOP-IGKFSRT" failures="1" tests="1" name="Test2" time="40.574" errors="0" timestamp="2023-01-05T12:23:38 IST">
  <testcase classname="Multi_BrowserTestng.Multibrowser" name="TC1" time="40.517">
    <failure type="org.openqa.selenium.WebDriverException" message="Reached error page: about:neterror?e=dnsNotFound&amp;amp;u=https%3A//www.flipkart.com/&amp;amp;c=UTF-8&amp;amp;d=We%20can%E2%80%99t%20connect%20to%20the%20server%20at%20www.flipkart.com.
Build info: version: &amp;apos;4.1.0&amp;apos;, revision: &amp;apos;87802e897b&amp;apos;
System info: host: &amp;apos;DESKTOP-IGKFSRT&amp;apos;, ip: &amp;apos;192.168.21.169&amp;apos;, os.name: &amp;apos;Windows 10&amp;apos;, os.arch: &amp;apos;amd64&amp;apos;, os.version: &amp;apos;10.0&amp;apos;, java.version: &amp;apos;18.0.2.1&amp;apos;
Driver info: org.openqa.selenium.firefox.FirefoxDriver
Command: [6b2ef2ff-dd12-4aa1-97d8-60e1f6dc1712, get {url=https://www.flipkart.com/}]
Capabilities {acceptInsecureCerts: true, browserName: firefox, browserVersion: 108.0.1, javascriptEnabled: true, moz:accessibilityChecks: false, moz:buildID: 20221215175817, moz:debuggerAddress: 127.0.0.1:65404, moz:geckodriverVersion: 0.32.0, moz:headless: false, moz:platformVersion: 10.0, moz:processID: 11300, moz:profile: C:\Users\sky\AppData\Local\..., moz:shutdownTimeout: 60000, moz:useNonSpecCompliantPointerOrigin: false, moz:webdriverClick: true, moz:windowless: false, pageLoadStrategy: normal, platform: WINDOWS, platformName: WINDOWS, proxy: Proxy(), se:cdp: ws://127.0.0.1:65404/devtoo..., se:cdpVersion: 85, setWindowRect: true, strictFileInteractability: false, timeouts: {implicit: 0, pageLoad: 300000, script: 30000}, unhandledPromptBehavior: dismiss and notify}
Session ID: 6b2ef2ff-dd12-4aa1-97d8-60e1f6dc1712">
      <![CDATA[org.openqa.selenium.WebDriverException: Reached error page: about:neterror?e=dnsNotFound&u=https%3A//www.flipkart.com/&c=UTF-8&d=We%20can%E2%80%99t%20connect%20to%20the%20server%20at%20www.flipkart.com.
Build info: version: '4.1.0', revision: '87802e897b'
System info: host: 'DESKTOP-IGKFSRT', ip: '192.168.21.169', os.name: 'Windows 10', os.arch: 'amd64', os.version: '10.0', java.version: '18.0.2.1'
Driver info: org.openqa.selenium.firefox.FirefoxDriver
Command: [6b2ef2ff-dd12-4aa1-97d8-60e1f6dc1712, get {url=https://www.flipkart.com/}]
Capabilities {acceptInsecureCerts: true, browserName: firefox, browserVersion: 108.0.1, javascriptEnabled: true, moz:accessibilityChecks: false, moz:buildID: 20221215175817, moz:debuggerAddress: 127.0.0.1:65404, moz:geckodriverVersion: 0.32.0, moz:headless: false, moz:platformVersion: 10.0, moz:processID: 11300, moz:profile: C:\Users\sky\AppData\Local\..., moz:shutdownTimeout: 60000, moz:useNonSpecCompliantPointerOrigin: false, moz:webdriverClick: true, moz:windowless: false, pageLoadStrategy: normal, platform: WINDOWS, platformName: WINDOWS, proxy: Proxy(), se:cdp: ws://127.0.0.1:65404/devtoo..., se:cdpVersion: 85, setWindowRect: true, strictFileInteractability: false, timeouts: {implicit: 0, pageLoad: 300000, script: 30000}, unhandledPromptBehavior: dismiss and notify}
Session ID: 6b2ef2ff-dd12-4aa1-97d8-60e1f6dc1712
at org.openqa.selenium.remote.codec.w3c.W3CHttpResponseCodec.createException(W3CHttpResponseCodec.java:200)
at org.openqa.selenium.remote.codec.w3c.W3CHttpResponseCodec.decode(W3CHttpResponseCodec.java:133)
at org.openqa.selenium.remote.codec.w3c.W3CHttpResponseCodec.decode(W3CHttpResponseCodec.java:53)
at org.openqa.selenium.remote.HttpCommandExecutor.execute(HttpCommandExecutor.java:184)
at org.openqa.selenium.remote.service.DriverCommandExecutor.invokeExecute(DriverCommandExecutor.java:164)
at org.openqa.selenium.remote.service.DriverCommandExecutor.execute(DriverCommandExecutor.java:139)
at org.openqa.selenium.remote.RemoteWebDriver.execute(RemoteWebDriver.java:559)
at org.openqa.selenium.remote.RemoteWebDriver.get(RemoteWebDriver.java:328)
at Multi_BrowserTestng.Multibrowser.TC1(Multibrowser.java:25)
at java.base/java.util.ArrayList.forEach(ArrayList.java:1511)
at java.base/java.util.concurrent.FutureTask.run(FutureTask.java:264)
at java.base/java.util.concurrent.ThreadPoolExecutor.runWorker(ThreadPoolExecutor.java:1136)
at java.base/java.util.concurrent.ThreadPoolExecutor$Worker.run(ThreadPoolExecutor.java:635)
at java.base/java.lang.Thread.run(Thread.java:833)
... Removed 19 stack frames]]>
    </failure>
  </testcase> <!-- TC1 -->
</testsuite> <!-- Test2 -->
