<?xml version="1.0" encoding="UTF-8"?>
<testng-results ignored="0" total="1" passed="1" failed="0" skipped="0">
  <reporter-output>
    <line>
      <![CDATA[Running verify text]]>
    </line>
    <line>
      <![CDATA[Running logout from app]]>
    </line>
    <line>
      <![CDATA[Running close Browser]]>
    </line>
  </reporter-output>
  <suite started-at="2023-01-13T21:28:03 IST" name="Default suite" finished-at="2023-01-13T21:28:24 IST" duration-ms="21053">
    <groups>
    </groups>
    <test started-at="2023-01-13T21:28:03 IST" name="Default test" finished-at="2023-01-13T21:28:24 IST" duration-ms="21053">
      <class name="Testng_Paramterized_returntype.Test1">
        <test-method is-config="true" signature="openBrowser()[pri:0, instance:Testng_Paramterized_returntype.Test1@37d4349f]" started-at="2023-01-13T21:28:03 IST" name="openBrowser" finished-at="2023-01-13T21:28:19 IST" duration-ms="16117" status="PASS">
          <reporter-output>
          </reporter-output>
        </test-method> <!-- openBrowser -->
        <test-method is-config="true" signature="openApp()[pri:0, instance:Testng_Paramterized_returntype.Test1@37d4349f]" started-at="2023-01-13T21:28:19 IST" name="openApp" finished-at="2023-01-13T21:28:20 IST" duration-ms="332" status="PASS">
          <reporter-output>
          </reporter-output>
        </test-method> <!-- openApp -->
        <test-method signature="verifyText()[pri:0, instance:Testng_Paramterized_returntype.Test1@37d4349f]" started-at="2023-01-13T21:28:20 IST" name="verifyText" finished-at="2023-01-13T21:28:24 IST" duration-ms="4549" status="PASS">
          <reporter-output>
            <line>
              <![CDATA[Running verify text]]>
            </line>
          </reporter-output>
        </test-method> <!-- verifyText -->
        <test-method is-config="true" signature="logout()[pri:0, instance:Testng_Paramterized_returntype.Test1@37d4349f]" started-at="2023-01-13T21:28:24 IST" name="logout" finished-at="2023-01-13T21:28:24 IST" duration-ms="1" status="PASS">
          <reporter-output>
            <line>
              <![CDATA[Running logout from app]]>
            </line>
          </reporter-output>
        </test-method> <!-- logout -->
        <test-method is-config="true" signature="closeBrowser()[pri:0, instance:Testng_Paramterized_returntype.Test1@37d4349f]" started-at="2023-01-13T21:28:24 IST" name="closeBrowser" finished-at="2023-01-13T21:28:24 IST" duration-ms="0" status="PASS">
          <reporter-output>
            <line>
              <![CDATA[Running close Browser]]>
            </line>
          </reporter-output>
        </test-method> <!-- closeBrowser -->
      </class> <!-- Testng_Paramterized_returntype.Test1 -->
    </test> <!-- Default test -->
  </suite> <!-- Default suite -->
</testng-results>
